  [4;36;1mSQL (0.2ms)[0m   [0;1mSET NAMES 'utf8'[0m
  [4;35;1mSQL (0.2ms)[0m   [0mSET SQL_AUTO_IS_NULL=0[0m


Processing ApplicationController#index (for 127.0.0.1 at 2009-07-04 12:10:18) [GET]

ActionController::RoutingError (No route matches "/restaurants" with {:method=>:get}):
  

Rendering rescues/layout (not_found)
  [4;36;1mSQL (0.3ms)[0m   [0;1mSET NAMES 'utf8'[0m
  [4;35;1mSQL (0.3ms)[0m   [0mSET SQL_AUTO_IS_NULL=0[0m


Processing ApplicationController#index (for 127.0.0.1 at 2009-07-04 12:10:24) [GET]

ActionController::RoutingError (No route matches "/restaurant" with {:method=>:get}):
  

Rendering rescues/layout (not_found)
  [4;36;1mSQL (0.2ms)[0m   [0;1mSET NAMES 'utf8'[0m
  [4;35;1mSQL (0.2ms)[0m   [0mSET SQL_AUTO_IS_NULL=0[0m


Processing ApplicationController#index (for 127.0.0.1 at 2009-07-04 12:32:47) [GET]

ActionController::RoutingError (No route matches "/restaurants" with {:method=>:get}):
  

Rendering rescues/layout (not_found)
  [4;36;1mSQL (0.3ms)[0m   [0;1mSET NAMES 'utf8'[0m
  [4;35;1mSQL (0.3ms)[0m   [0mSET SQL_AUTO_IS_NULL=0[0m


Processing ApplicationController#index (for 127.0.0.1 at 2009-07-04 12:32:57) [GET]

ActionController::RoutingError (No route matches "/restaurant" with {:method=>:get}):
  

Rendering rescues/layout (not_found)
  [4;36;1mSQL (0.3ms)[0m   [0;1mSET NAMES 'utf8'[0m
  [4;35;1mSQL (0.2ms)[0m   [0mSET SQL_AUTO_IS_NULL=0[0m


Processing ApplicationController#index (for 127.0.0.1 at 2009-07-04 12:33:01) [GET]

ActionController::RoutingError (No route matches "/restaurants" with {:method=>:get}):
  

Rendering rescues/layout (not_found)
  [4;36;1mSQL (0.3ms)[0m   [0;1mSET NAMES 'utf8'[0m
  [4;35;1mSQL (0.3ms)[0m   [0mSET SQL_AUTO_IS_NULL=0[0m


Processing ApplicationController#index (for 127.0.0.1 at 2009-07-04 12:35:10) [GET]

ActionController::RoutingError (No route matches "/restaurant" with {:method=>:get}):
  

Rendering rescues/layout (not_found)
